<?xml version="1.0" encoding="UTF-8"?>
<testng-results ignored="0" total="1" passed="1" failed="0" skipped="0">
  <reporter-output>
  </reporter-output>
  <suite started-at="2026-05-02T23:46:11 IST" name="Automation Suite" finished-at="2026-05-02T23:46:21 IST" duration-ms="10075">
    <groups>
    </groups>
    <test started-at="2026-05-02T23:46:11 IST" name="Smoke Tests" finished-at="2026-05-02T23:46:21 IST" duration-ms="10075">
      <class name="Pages.LoginPage">
        <test-method is-config="true" signature="Setup()[pri:0, instance:Pages.LoginPage@350aac89]" started-at="2026-05-02T23:46:11 IST" name="Setup" finished-at="2026-05-02T23:46:17 IST" duration-ms="6840" status="PASS">
          <reporter-output>
          </reporter-output>
        </test-method> <!-- Setup -->
        <test-method signature="LoginCheck()[pri:0, instance:Pages.LoginPage@350aac89]" started-at="2026-05-02T23:46:17 IST" name="LoginCheck" finished-at="2026-05-02T23:46:20 IST" duration-ms="2898" status="PASS">
          <reporter-output>
          </reporter-output>
        </test-method> <!-- LoginCheck -->
        <test-method is-config="true" signature="quit()[pri:0, instance:Pages.LoginPage@350aac89]" started-at="2026-05-02T23:46:20 IST" name="quit" finished-at="2026-05-02T23:46:21 IST" duration-ms="275" status="PASS">
          <reporter-output>
          </reporter-output>
        </test-method> <!-- quit -->
      </class> <!-- Pages.LoginPage -->
    </test> <!-- Smoke Tests -->
  </suite> <!-- Automation Suite -->
</testng-results>
